<?xml version="1.0" encoding="UTF-8"?>
<testsuite name="br.com.anima.tests.CoreTests" tests="1" skipped="0" failures="0" errors="0" timestamp="2016-10-03T00:04:09" hostname="augusto-pc" time="0.0">
  <properties/>
  <testcase name="loginTest" classname="br.com.anima.tests.CoreTests" time="0.0"/>
  <system-out><![CDATA[]]></system-out>
  <system-err><![CDATA[]]></system-err>
</testsuite>
