<?xml version="1.0" encoding="UTF-8"?>
<testsuite name="br.com.anima.tests.CoreTests" tests="1" skipped="0" failures="0" errors="0" timestamp="2016-11-22T18:55:45" hostname="augusto-pc" time="0.044">
  <properties/>
  <testcase name="loginTest" classname="br.com.anima.tests.CoreTests" time="0.044"/>
  <system-out><![CDATA[]]></system-out>
  <system-err><![CDATA[]]></system-err>
</testsuite>
